Script started on 2020-04-16 14:59:49-04:00 [TERM="xterm-256color" TTY="/dev/pts/0" COLUMNS="184" LINES="12"]
]0;psilves1@psilves1-Inspiron-7373: ~/CLionProjects/i240a/submit/lab9/exercises[01;32mpsilves1@psilves1-Inspiron-7373[00m:[01;34m~/CLionProjects/i240a/submit/lab9/exercises[00m$ end

Command 'end' not found, did you mean:

  command 'gnd' from snap gnd (master)
  command 'env' from deb coreutils (8.30-3ubuntu2)
  command 'and' from deb and (1.2.2-4.1build1)
  command 'bnd' from deb bnd (3.5.0-4)
  command 'snd' from deb snd-gtk-jack (19.6-1)
  command 'snd' from deb snd-gtk-pulse (19.6-1)
  command 'snd' from deb snd-nox (19.6-1)
  command 'ent' from deb ent (1.2debian-2)
  command 'nd' from deb nd (0.8.2-8build1)
  command 'eid' from deb id-utils (4.6+git20120811-4ubuntu2)
  command 'ed' from deb ed (1.15-1)
  command 'send' from deb mailutils-mh (1:3.6-1build1)
  command 'send' from deb mmh (0.4-2)
  command 'send' from deb nmh (1.7.1-4)

See 'snap info <snapname>' for additional versions.

]0;psilves1@psilves1-Inspiron-7373: ~/CLionProjects/i240a/submit/lab9/exercises[01;32mpsilves1@psilves1-Inspiron-7373[00m:[01;34m~/CLionProjects/i240a/submit/lab9/exercises[00m$ exit

Script done on 2020-04-16 14:59:56-04:00 [COMMAND_EXIT_CODE="127"]
